<?xml version="1.0" encoding="UTF-8"?>
<!-- Generated by org.testng.reporters.JUnitXMLReporter -->
<testsuite ignored="0" hostname="EC2AMAZ-S11DBRH" failures="2" tests="2" name="Default test" time="1.306" errors="0" timestamp="2024-05-08T07:13:52 GMT">
  <testcase classname="io.cucumber.testng.AbstractTestNGCucumberTests" name="runScenario" time="0.312">
    <failure type="java.lang.NullPointerException" message="Cannot invoke &amp;quot;org.openqa.selenium.WebDriver.get(String)&amp;quot; because &amp;quot;base.TestBase.driver&amp;quot; is null">
      <![CDATA[java.lang.NullPointerException: Cannot invoke "org.openqa.selenium.WebDriver.get(String)" because "base.TestBase.driver" is null
at base.TestBase.openUrl(TestBase.java:53)
at stepDefs.OrderStepDef.user_is_on_login_page(OrderStepDef.java:27)
at ✽.User is on Login Page(file:///C:/Users/Administrator/eclipse-workspace/BDDPOMProject/src/test/resources/features/PlaceOrder.feature:4)
]]>
    </failure>
  </testcase> <!-- runScenario -->
  <testcase classname="io.cucumber.testng.AbstractTestNGCucumberTests" name="runScenario" time="0.021">
    <failure type="java.lang.NullPointerException" message="Cannot invoke &amp;quot;org.openqa.selenium.WebDriver.get(String)&amp;quot; because &amp;quot;base.TestBase.driver&amp;quot; is null">
      <![CDATA[java.lang.NullPointerException: Cannot invoke "org.openqa.selenium.WebDriver.get(String)" because "base.TestBase.driver" is null
at base.TestBase.openUrl(TestBase.java:53)
at stepDefs.OrderStepDef.user_is_on_login_page(OrderStepDef.java:27)
at ✽.User is on Login Page(file:///C:/Users/Administrator/eclipse-workspace/BDDPOMProject/src/test/resources/features/PlaceOrder.feature:4)
]]>
    </failure>
  </testcase> <!-- runScenario -->
</testsuite> <!-- Default test -->
